/var/lib/sge/spool/local/nu/job_scripts/417583: line 18: : command not found
/var/lib/sge/spool/local/nu/job_scripts/417583: line 20: : command not found
/var/lib/sge/spool/local/nu/job_scripts/417583: line 21: : command not found
/var/lib/sge/spool/local/nu/job_scripts/417583: line 23: : command not found
Requested to process files with options: 

DataType: mc
Decay: norm
Ds finalState: Ds2KKpi
Year: 11

/auto/data/dargent/BsDsKpipi/Stripped/Norm/mc/11U/b2dhhh_*.root
Found files, now init
Warning in <TStreamerInfo::BuildCheck>: 
   The StreamerInfo of class TAttLine read from file /auto/data/dargent/BsDsKpipi/Stripped/Norm/mc/11U/b2dhhh_1.root
   has the same version (=1) as the active class but a different checksum.
   You should update the version to ClassDef(TAttLine,2).
   Do not try to write objects with the current class definition,
   the files will not be readable.

Warning in <TStreamerInfo::CompareContent>: The following data member of
the on-file layout version 1 of class 'TAttLine' differs from 
the in-memory layout version 1:
   short fLineColor; //
vs
   Color_t fLineColor; //
Warning in <TStreamerInfo::CompareContent>: The following data member of
the on-file layout version 1 of class 'TAttLine' differs from 
the in-memory layout version 1:
   short fLineStyle; //
vs
   Style_t fLineStyle; //
Warning in <TStreamerInfo::CompareContent>: The following data member of
the on-file layout version 1 of class 'TAttLine' differs from 
the in-memory layout version 1:
   short fLineWidth; //
vs
   Width_t fLineWidth; //
Warning in <TStreamerInfo::BuildCheck>: 
   The StreamerInfo of class TAttFill read from file /auto/data/dargent/BsDsKpipi/Stripped/Norm/mc/11U/b2dhhh_1.root
   has the same version (=1) as the active class but a different checksum.
   You should update the version to ClassDef(TAttFill,2).
   Do not try to write objects with the current class definition,
   the files will not be readable.

Warning in <TStreamerInfo::CompareContent>: The following data member of
the on-file layout version 1 of class 'TAttFill' differs from 
the in-memory layout version 1:
   short fFillColor; //
vs
   Color_t fFillColor; //
Warning in <TStreamerInfo::CompareContent>: The following data member of
the on-file layout version 1 of class 'TAttFill' differs from 
the in-memory layout version 1:
   short fFillStyle; //
vs
   Style_t fFillStyle; //
Warning in <TStreamerInfo::BuildCheck>: 
   The StreamerInfo of class TAttMarker read from file /auto/data/dargent/BsDsKpipi/Stripped/Norm/mc/11U/b2dhhh_1.root
   has the same version (=2) as the active class but a different checksum.
   You should update the version to ClassDef(TAttMarker,3).
   Do not try to write objects with the current class definition,
   the files will not be readable.

Warning in <TStreamerInfo::CompareContent>: The following data member of
the on-file layout version 2 of class 'TAttMarker' differs from 
the in-memory layout version 2:
   short fMarkerColor; //
vs
   Color_t fMarkerColor; //
Warning in <TStreamerInfo::CompareContent>: The following data member of
the on-file layout version 2 of class 'TAttMarker' differs from 
the in-memory layout version 2:
   short fMarkerStyle; //
vs
   Style_t fMarkerStyle; //
Warning in <TStreamerInfo::CompareContent>: The following data member of
the on-file layout version 2 of class 'TAttMarker' differs from 
the in-memory layout version 2:
   float fMarkerSize; //
vs
   Size_t fMarkerSize; //
Have 36914 events

Read event 0/36914  ( 0 % )
Read event 10000/36914  ( 0.2709 % )
Read event 20000/36914  ( 0.5418 % )
Read event 30000/36914  ( 0.8127 % )
Selected 25588 events
Efficiency = 69.3179 %
Created new file /auto/data/dargent/BsDsKpipi/Mini/mc/norm_Ds2KKpi_11.root
==============================================
 Done.  Total time since start 1.61667 min.
==============================================
/var/lib/sge/spool/local/nu/job_scripts/417585: line 3: cd: ..: No such file or directory
/var/lib/sge/spool/local/nu/job_scripts/417584: line 3: cd: ..: No such file or directory
/var/lib/sge/spool/local/nu/job_scripts/417585: line 19: : command not found
/var/lib/sge/spool/local/nu/job_scripts/417584: line 19: : command not found
/var/lib/sge/spool/local/nu/job_scripts/417585: line 21: : command not found
/var/lib/sge/spool/local/nu/job_scripts/417584: line 21: : command not found
/var/lib/sge/spool/local/nu/job_scripts/417584: line 22: : command not found
/var/lib/sge/spool/local/nu/job_scripts/417585: line 22: : command not found
/var/lib/sge/spool/local/nu/job_scripts/417585: line 24: : command not found
/var/lib/sge/spool/local/nu/job_scripts/417584: line 24: : command not found
Requested to process files with options: 

Requested to process files with options: 

DataType: mc
Decay: norm
Ds finalState: Ds2KKpi
DataType: mc
Decay: norm
Ds finalState: Ds2KKpi
Year: 12

Year: 11

/auto/data/dargent/BsDsKpipi/Stripped/Norm/mc/12U/b2dhhh_*.root
/auto/data/dargent/BsDsKpipi/Stripped/Norm/mc/11U/b2dhhh_*.root
Found files, now init
Found files, now init
Warning in <TStreamerInfo::BuildCheck>: 
   The StreamerInfo of class TAttLine read from file /auto/data/dargent/BsDsKpipi/Stripped/Norm/mc/11U/b2dhhh_1.root
   has the same version (=1) as the active class but a different checksum.
   You should update the version to ClassDef(TAttLine,2).
   Do not try to write objects with the current class definition,
   the files will not be readable.

Warning in <TStreamerInfo::CompareContent>: The following data member of
the on-file layout version 1 of class 'TAttLine' differs from 
the in-memory layout version 1:
   short fLineColor; //
vs
   Color_t fLineColor; //
Warning in <TStreamerInfo::CompareContent>: The following data member of
the on-file layout version 1 of class 'TAttLine' differs from 
the in-memory layout version 1:
   short fLineStyle; //
vs
   Style_t fLineStyle; //
Warning in <TStreamerInfo::CompareContent>: The following data member of
the on-file layout version 1 of class 'TAttLine' differs from 
the in-memory layout version 1:
   short fLineWidth; //
vs
   Width_t fLineWidth; //
Warning in <TStreamerInfo::BuildCheck>: 
   The StreamerInfo of class TAttFill read from file /auto/data/dargent/BsDsKpipi/Stripped/Norm/mc/11U/b2dhhh_1.root
   has the same version (=1) as the active class but a different checksum.
   You should update the version to ClassDef(TAttFill,2).
   Do not try to write objects with the current class definition,
   the files will not be readable.

Warning in <TStreamerInfo::CompareContent>: The following data member of
the on-file layout version 1 of class 'TAttFill' differs from 
the in-memory layout version 1:
   short fFillColor; //
vs
   Color_t fFillColor; //
Warning in <TStreamerInfo::CompareContent>: The following data member of
the on-file layout version 1 of class 'TAttFill' differs from 
the in-memory layout version 1:
   short fFillStyle; //
vs
   Style_t fFillStyle; //
Warning in <TStreamerInfo::BuildCheck>: 
   The StreamerInfo of class TAttMarker read from file /auto/data/dargent/BsDsKpipi/Stripped/Norm/mc/11U/b2dhhh_1.root
   has the same version (=2) as the active class but a different checksum.
   You should update the version to ClassDef(TAttMarker,3).
   Do not try to write objects with the current class definition,
   the files will not be readable.

Warning in <TStreamerInfo::CompareContent>: The following data member of
the on-file layout version 2 of class 'TAttMarker' differs from 
the in-memory layout version 2:
   short fMarkerColor; //
vs
   Color_t fMarkerColor; //
Warning in <TStreamerInfo::CompareContent>: The following data member of
the on-file layout version 2 of class 'TAttMarker' differs from 
the in-memory layout version 2:
   short fMarkerStyle; //
vs
   Style_t fMarkerStyle; //
Warning in <TStreamerInfo::CompareContent>: The following data member of
the on-file layout version 2 of class 'TAttMarker' differs from 
the in-memory layout version 2:
   float fMarkerSize; //
vs
   Size_t fMarkerSize; //
Warning in <TStreamerInfo::BuildCheck>: 
   The StreamerInfo of class TAttLine read from file /auto/data/dargent/BsDsKpipi/Stripped/Norm/mc/12U/b2dhhh_1.root
   has the same version (=1) as the active class but a different checksum.
   You should update the version to ClassDef(TAttLine,2).
   Do not try to write objects with the current class definition,
   the files will not be readable.

Warning in <TStreamerInfo::CompareContent>: The following data member of
the on-file layout version 1 of class 'TAttLine' differs from 
the in-memory layout version 1:
   short fLineColor; //
vs
   Color_t fLineColor; //
Warning in <TStreamerInfo::CompareContent>: The following data member of
the on-file layout version 1 of class 'TAttLine' differs from 
the in-memory layout version 1:
   short fLineStyle; //
vs
   Style_t fLineStyle; //
Warning in <TStreamerInfo::CompareContent>: The following data member of
the on-file layout version 1 of class 'TAttLine' differs from 
the in-memory layout version 1:
   short fLineWidth; //
vs
   Width_t fLineWidth; //
Warning in <TStreamerInfo::BuildCheck>: 
   The StreamerInfo of class TAttFill read from file /auto/data/dargent/BsDsKpipi/Stripped/Norm/mc/12U/b2dhhh_1.root
   has the same version (=1) as the active class but a different checksum.
   You should update the version to ClassDef(TAttFill,2).
   Do not try to write objects with the current class definition,
   the files will not be readable.

Warning in <TStreamerInfo::CompareContent>: The following data member of
the on-file layout version 1 of class 'TAttFill' differs from 
the in-memory layout version 1:
   short fFillColor; //
vs
   Color_t fFillColor; //
Warning in <TStreamerInfo::CompareContent>: The following data member of
the on-file layout version 1 of class 'TAttFill' differs from 
the in-memory layout version 1:
   short fFillStyle; //
vs
   Style_t fFillStyle; //
Warning in <TStreamerInfo::BuildCheck>: 
   The StreamerInfo of class TAttMarker read from file /auto/data/dargent/BsDsKpipi/Stripped/Norm/mc/12U/b2dhhh_1.root
   has the same version (=2) as the active class but a different checksum.
   You should update the version to ClassDef(TAttMarker,3).
   Do not try to write objects with the current class definition,
   the files will not be readable.

Warning in <TStreamerInfo::CompareContent>: The following data member of
the on-file layout version 2 of class 'TAttMarker' differs from 
the in-memory layout version 2:
   short fMarkerColor; //
vs
   Color_t fMarkerColor; //
Warning in <TStreamerInfo::CompareContent>: The following data member of
the on-file layout version 2 of class 'TAttMarker' differs from 
the in-memory layout version 2:
   short fMarkerStyle; //
vs
   Style_t fMarkerStyle; //
Warning in <TStreamerInfo::CompareContent>: The following data member of
the on-file layout version 2 of class 'TAttMarker' differs from 
the in-memory layout version 2:
   float fMarkerSize; //
vs
   Size_t fMarkerSize; //
Have 36914 events

Read event 0/36914  ( 0 % )
Have 40468 events

Read event 0/40468  ( 0 % )
Read event 10000/40468  ( 0.247109 % )
Read event 10000/36914  ( 0.2709 % )
Read event 20000/40468  ( 0.494218 % )
Read event 20000/36914  ( 0.5418 % )
Read event 30000/40468  ( 0.741326 % )
Read event 30000/36914  ( 0.8127 % )
Read event 40000/40468  ( 0.988435 % )
Selected 26308 events
Efficiency = 65.0094 %
Created new file /auto/data/dargent/BsDsKpipi/Mini/mc/norm_Ds2KKpi_12.root
==============================================
 Done.  Total time since start 1.8 min.
==============================================
Selected 25588 events
Efficiency = 69.3179 %
Created new file /auto/data/dargent/BsDsKpipi/Mini/mc/norm_Ds2KKpi_11.root
==============================================
 Done.  Total time since start 1.8 min.
==============================================
