\BOOKMARK [1][-]{section.1}{Introduction}{}
\BOOKMARK [1][-]{section.2}{Data samples}{}
\BOOKMARK [1][-]{section.3}{Simulated samples}{}
\BOOKMARK [1][-]{section.4}{Selection}{}
\BOOKMARK [2][-]{subsection.4.1}{Cut-based selection}{section.4}
\BOOKMARK [2][-]{subsection.4.2}{Multivariate stage}{section.4}
\BOOKMARK [1][-]{section.5}{Detector and simulation}{}
\BOOKMARK [1][-]{section.6}{Efficiency corrections}{}
\BOOKMARK [2][-]{subsection.6.1}{Relative efficiency for BR measurement}{section.6}
\BOOKMARK [1][-]{section.7}{Figures}{}
\BOOKMARK [1][-]{section.8}{References}{}
\BOOKMARK [1][-]{section.9}{Inclusion of supplementary material}{}
\BOOKMARK [1][-]{appendix.A}{Standard References}{}
\BOOKMARK [1][-]{appendix.B}{Standard symbols}{}
\BOOKMARK [1][-]{appendix.C}{List of all symbols}{}
\BOOKMARK [2][-]{subsection.C.1}{Experiments}{appendix.C}
\BOOKMARK [3][-]{subsubsection.C.1.1}{LHCb sub-detectors and sub-systems}{subsection.C.1}
\BOOKMARK [2][-]{subsection.C.2}{Particles}{appendix.C}
\BOOKMARK [3][-]{subsubsection.C.2.1}{Leptons}{subsection.C.2}
\BOOKMARK [3][-]{subsubsection.C.2.2}{Gauge bosons and scalars}{subsection.C.2}
\BOOKMARK [3][-]{subsubsection.C.2.3}{Quarks}{subsection.C.2}
\BOOKMARK [3][-]{subsubsection.C.2.4}{Light mesons}{subsection.C.2}
\BOOKMARK [3][-]{subsubsection.C.2.5}{Heavy mesons}{subsection.C.2}
\BOOKMARK [3][-]{subsubsection.C.2.6}{Onia}{subsection.C.2}
\BOOKMARK [3][-]{subsubsection.C.2.7}{Baryons}{subsection.C.2}
\BOOKMARK [2][-]{subsection.C.3}{Physics symbols}{appendix.C}
\BOOKMARK [3][-]{subsubsection.C.3.1}{Decays}{subsection.C.3}
\BOOKMARK [3][-]{subsubsection.C.3.2}{Lifetimes}{subsection.C.3}
\BOOKMARK [3][-]{subsubsection.C.3.3}{Masses}{subsection.C.3}
\BOOKMARK [3][-]{subsubsection.C.3.4}{EW theory, groups}{subsection.C.3}
\BOOKMARK [3][-]{subsubsection.C.3.5}{QCD parameters}{subsection.C.3}
\BOOKMARK [3][-]{subsubsection.C.3.6}{CKM, CP violation}{subsection.C.3}
\BOOKMARK [3][-]{subsubsection.C.3.7}{Oscillations}{subsection.C.3}
\BOOKMARK [3][-]{subsubsection.C.3.8}{Tagging}{subsection.C.3}
\BOOKMARK [3][-]{subsubsection.C.3.9}{Key decay channels}{subsection.C.3}
\BOOKMARK [3][-]{subsubsection.C.3.10}{Rare decays}{subsection.C.3}
\BOOKMARK [3][-]{subsubsection.C.3.11}{Wilson coefficients and operators}{subsection.C.3}
\BOOKMARK [3][-]{subsubsection.C.3.12}{Charm}{subsection.C.3}
\BOOKMARK [3][-]{subsubsection.C.3.13}{QM}{subsection.C.3}
\BOOKMARK [2][-]{subsection.C.4}{Units}{appendix.C}
\BOOKMARK [3][-]{subsubsection.C.4.1}{Energy and momentum}{subsection.C.4}
\BOOKMARK [3][-]{subsubsection.C.4.2}{Distance and area}{subsection.C.4}
\BOOKMARK [3][-]{subsubsection.C.4.3}{Time }{subsection.C.4}
\BOOKMARK [3][-]{subsubsection.C.4.4}{Temperature}{subsection.C.4}
\BOOKMARK [3][-]{subsubsection.C.4.5}{Material lengths, radiation}{subsection.C.4}
\BOOKMARK [3][-]{subsubsection.C.4.6}{Uncertainties}{subsection.C.4}
\BOOKMARK [3][-]{subsubsection.C.4.7}{Maths}{subsection.C.4}
\BOOKMARK [2][-]{subsection.C.5}{Kinematics}{appendix.C}
\BOOKMARK [3][-]{subsubsection.C.5.1}{Energy, Momenta}{subsection.C.5}
\BOOKMARK [3][-]{subsubsection.C.5.2}{PID}{subsection.C.5}
\BOOKMARK [3][-]{subsubsection.C.5.3}{Geometry}{subsection.C.5}
\BOOKMARK [3][-]{subsubsection.C.5.4}{Accelerator}{subsection.C.5}
\BOOKMARK [2][-]{subsection.C.6}{Software}{appendix.C}
\BOOKMARK [3][-]{subsubsection.C.6.1}{Programs}{subsection.C.6}
\BOOKMARK [3][-]{subsubsection.C.6.2}{Languages}{subsection.C.6}
\BOOKMARK [3][-]{subsubsection.C.6.3}{Data processing}{subsection.C.6}
\BOOKMARK [2][-]{subsection.C.7}{Detector related}{appendix.C}
\BOOKMARK [3][-]{subsubsection.C.7.1}{Detector technologies}{subsection.C.7}
\BOOKMARK [3][-]{subsubsection.C.7.2}{Detector components, electronics}{subsection.C.7}
\BOOKMARK [3][-]{subsubsection.C.7.3}{Chemical symbols}{subsection.C.7}
\BOOKMARK [2][-]{subsection.C.8}{Special Text }{appendix.C}
\BOOKMARK [1][-]{appendix.D}{Supplementary material for LHCb-PAPER-20XX-YYY}{}
\BOOKMARK [1][-]{figure.9}{References}{}
