This is pdfTeXk, Version 3.141592-1.40.3 (Web2C 7.5.6) (format=pdflatex 2013.4.10)  8 APR 2016 11:16
entering extended mode
 %&-line parsing enabled.
**main
(./main.tex
LaTeX2e <2005/12/01>
Babel <v3.8h> and hyphenation patterns for english, usenglishmax, dumylang, noh
yphenation, arabic, basque, bulgarian, coptic, welsh, czech, slovak, german, ng
erman, danish, esperanto, spanish, catalan, galician, estonian, farsi, finnish,
 french, greek, monogreek, ancientgreek, croatian, hungarian, interlingua, ibyc
us, indonesian, icelandic, italian, latin, mongolian, dutch, norsk, polish, por
tuguese, pinyin, romanian, russian, slovenian, uppersorbian, serbian, swedish, 
turkish, ukenglish, ukrainian, loaded.
(/usr/share/texmf/tex/latex/base/article.cls
Document Class: article 2005/09/16 v1.4f Standard LaTeX document class
(/usr/share/texmf/tex/latex/base/size12.clo
File: size12.clo 2005/09/16 v1.4f Standard LaTeX file (size option)
)
\c@part=\count79
\c@section=\count80
\c@subsection=\count81
\c@subsubsection=\count82
\c@paragraph=\count83
\c@subparagraph=\count84
\c@figure=\count85
\c@table=\count86
\abovecaptionskip=\skip41
\belowcaptionskip=\skip42
\bibindent=\dimen102
)
(/usr/share/texmf/tex/latex/base/ifthen.sty
Package: ifthen 2001/05/26 v1.1c Standard LaTeX ifthen package (DPC)
) (./preamble.tex
(/usr/share/texmf/tex/latex/microtype/microtype.sty
Package: microtype 2007/01/21 v2.0 Micro-typography with pdfTeX (RS)

(/usr/share/texmf/tex/latex/graphics/keyval.sty
Package: keyval 1999/03/16 v1.13 key=value parser (DPC)
\KV@toks@=\toks14
)
\MT@toks=\toks15
\MT@count=\count87
LaTeX Info: Redefining \lsstyle on input line 1370.
LaTeX Info: Redefining \lslig on input line 1370.
LaTeX Info: Redefining \textls on input line 1371.
\MT@lskern=\dimen103
Package microtype Info: Loading configuration file microtype.cfg.

(/usr/share/texmf/tex/latex/microtype/microtype.cfg
File: microtype.cfg 2007/01/14 v2.0 microtype main configuration file (RS)
))
(/usr/share/texmf/tex/latex/lineno/lineno.sty
Package: lineno 2005/11/02 line numbers on paragraphs v4.41
\linenopenalty=\count88
\output=\toks16
\linenoprevgraf=\count89
\linenumbersep=\dimen104
\linenumberwidth=\dimen105
\c@linenumber=\count90
\c@pagewiselinenumber=\count91
\c@LN@truepage=\count92
\c@internallinenumber=\count93
\c@internallinenumbers=\count94
\quotelinenumbersep=\dimen106
\bframerule=\dimen107
\bframesep=\dimen108
\bframebox=\box26
LaTeX Info: Redefining \\ on input line 3056.
)
(/usr/share/texmf/tex/latex/tools/xspace.sty
Package: xspace 2006/05/08 v1.12 Space after command names (DPC,MH)
)
(/usr/share/texmf/tex/latex/caption/caption.sty
Package: caption 2007/01/07 v3.0k Customising captions (AR)

(/usr/share/texmf/tex/latex/caption/caption3.sty
Package: caption3 2007/01/07 v3.0k caption3 kernel (AR)
\captionmargin=\dimen109
\captionmarginx=\dimen110
\captionwidth=\dimen111
\captionindent=\dimen112
\captionparindent=\dimen113
\captionhangindent=\dimen114
))
(/usr/share/texmf/tex/latex/graphics/graphicx.sty
Package: graphicx 1999/02/16 v1.0f Enhanced LaTeX Graphics (DPC,SPQR)

(/usr/share/texmf/tex/latex/graphics/graphics.sty
Package: graphics 2006/02/20 v1.0o Standard LaTeX Graphics (DPC,SPQR)

(/usr/share/texmf/tex/latex/graphics/trig.sty
Package: trig 1999/03/16 v1.09 sin cos tan (DPC)
)
(/usr/share/texmf/tex/latex/config/graphics.cfg
File: graphics.cfg 2007/01/18 v1.5 graphics configuration of teTeX/TeXLive
)
Package graphics Info: Driver file: pdftex.def on input line 90.

(/usr/share/texmf/tex/latex/pdftex-def/pdftex.def
File: pdftex.def 2007/01/08 v0.04d Graphics/color for pdfTeX
\Gread@gobject=\count95
))
\Gin@req@height=\dimen115
\Gin@req@width=\dimen116
)
(/usr/share/texmf/tex/latex/graphics/color.sty
Package: color 2005/11/14 v1.0j Standard LaTeX Color (DPC)

(/usr/share/texmf/tex/latex/config/color.cfg
File: color.cfg 2007/01/18 v1.5 color configuration of teTeX/TeXLive
)
Package color Info: Driver file: pdftex.def on input line 130.
)
(/usr/share/texmf/tex/latex/colortbl/colortbl.sty
Package: colortbl 2001/02/13 v0.1j Color table columns (DPC)

(/usr/share/texmf/tex/latex/tools/array.sty
Package: array 2005/08/23 v2.4b Tabular extension package (FMi)
\col@sep=\dimen117
\extrarowheight=\dimen118
\NC@list=\toks17
\extratabsurround=\skip43
\backup@length=\skip44
)
\everycr=\toks18
\minrowclearance=\skip45
)
(/usr/share/texmf/tex/latex/amsmath/amsmath.sty
Package: amsmath 2000/07/18 v2.13 AMS math features
\@mathmargin=\skip46

For additional information on amsmath, use the `?' option.
(/usr/share/texmf/tex/latex/amsmath/amstext.sty
Package: amstext 2000/06/29 v2.01

(/usr/share/texmf/tex/latex/amsmath/amsgen.sty
File: amsgen.sty 1999/11/30 v2.0
\@emptytoks=\toks19
\ex@=\dimen119
))
(/usr/share/texmf/tex/latex/amsmath/amsbsy.sty
Package: amsbsy 1999/11/29 v1.2d
\pmbraise@=\dimen120
)
(/usr/share/texmf/tex/latex/amsmath/amsopn.sty
Package: amsopn 1999/12/14 v2.01 operator names
)
\inf@bad=\count96
LaTeX Info: Redefining \frac on input line 211.
\uproot@=\count97
\leftroot@=\count98
LaTeX Info: Redefining \overline on input line 307.
\classnum@=\count99
\DOTSCASE@=\count100
LaTeX Info: Redefining \ldots on input line 379.
LaTeX Info: Redefining \dots on input line 382.
LaTeX Info: Redefining \cdots on input line 467.
\Mathstrutbox@=\box27
\strutbox@=\box28
\big@size=\dimen121
LaTeX Font Info:    Redeclaring font encoding OML on input line 567.
LaTeX Font Info:    Redeclaring font encoding OMS on input line 568.
\macc@depth=\count101
\c@MaxMatrixCols=\count102
\dotsspace@=\muskip10
\c@parentequation=\count103
\dspbrk@lvl=\count104
\tag@help=\toks20
\row@=\count105
\column@=\count106
\maxfields@=\count107
\andhelp@=\toks21
\eqnshift@=\dimen122
\alignsep@=\dimen123
\tagshift@=\dimen124
\tagwidth@=\dimen125
\totwidth@=\dimen126
\lineht@=\dimen127
\@envbody=\toks22
\multlinegap=\skip47
\multlinetaggap=\skip48
\mathdisplay@stack=\toks23
LaTeX Info: Redefining \[ on input line 2666.
LaTeX Info: Redefining \] on input line 2667.
)
(/usr/share/texmf/tex/latex/amsfonts/amssymb.sty
Package: amssymb 2002/01/22 v2.2d

(/usr/share/texmf/tex/latex/amsfonts/amsfonts.sty
Package: amsfonts 2001/10/25 v2.2f
\symAMSa=\mathgroup4
\symAMSb=\mathgroup5
LaTeX Font Info:    Overwriting math alphabet `\mathfrak' in version `bold'
(Font)                  U/euf/m/n --> U/euf/b/n on input line 132.
))
(/usr/share/texmf/tex/latex/was/upgreek.sty
Package: upgreek 2003/02/12 v2.0 (WaS)
Package upgreek Info: Using Euler Roman for upright Greek on input line 31.
\symugrf@m=\mathgroup6
LaTeX Font Info:    Overwriting symbol font `ugrf@m' in version `bold'
(Font)                  U/eur/m/n --> U/eur/b/n on input line 38.
)
(/usr/share/texmf/tex/latex/hyperref/hyperref.sty
Package: hyperref 2007/02/07 v6.75r Hypertext links for LaTeX
\@linkdim=\dimen128
\Hy@linkcounter=\count108
\Hy@pagecounter=\count109

(/usr/share/texmf/tex/latex/hyperref/pd1enc.def
File: pd1enc.def 2007/02/07 v6.75r Hyperref: PDFDocEncoding definition (HO)
)
(/usr/share/texmf/tex/latex/config/hyperref.cfg
File: hyperref.cfg 2002/06/06 v1.2 hyperref configuration of TeXLive
)
(/usr/share/texmf/tex/latex/oberdiek/kvoptions.sty
Package: kvoptions 2006/08/22 v2.4 Connects package keyval with LaTeX options (
HO)
)
Package hyperref Info: Hyper figures OFF on input line 2288.
Package hyperref Info: Link nesting OFF on input line 2293.
Package hyperref Info: Hyper index ON on input line 2296.
Package hyperref Info: Plain pages OFF on input line 2303.
Package hyperref Info: Backreferencing OFF on input line 2308.

Implicit mode ON; LaTeX internals redefined
Package hyperref Info: Bookmarks ON on input line 2444.
(/usr/share/texmf/tex/latex/ltxmisc/url.sty
\Urlmuskip=\muskip11
Package: url 2005/06/27  ver 3.2  Verb mode for urls, etc.
)
LaTeX Info: Redefining \url on input line 2599.
\Fld@menulength=\count110
\Field@Width=\dimen129
\Fld@charsize=\dimen130
\Choice@toks=\toks24
\Field@toks=\toks25
Package hyperref Info: Hyper figures OFF on input line 3102.
Package hyperref Info: Link nesting OFF on input line 3107.
Package hyperref Info: Hyper index ON on input line 3110.
Package hyperref Info: backreferencing OFF on input line 3117.
Package hyperref Info: Link coloring OFF on input line 3122.
\Hy@abspage=\count111
\c@Item=\count112
\c@Hfootnote=\count113
)
*hyperref using default driver hpdftex*
(/usr/share/texmf/tex/latex/hyperref/hpdftex.def
File: hpdftex.def 2007/02/07 v6.75r Hyperref driver for pdfTeX
\Fld@listcount=\count114
)
(/usr/share/texmf/tex/latex/oberdiek/hypcap.sty
Package: hypcap 2006/02/20 v1.5 Adjusting anchors of captions (HO)
) (./lhcb-symbols-def.tex)
(./cite.sty
LaTeX Info: Redefining \cite on input line 302.
LaTeX Info: Redefining \nocite on input line 373.
Package: cite 2010/09/10  v 5.3
)) (./mciteplus.sty
Package: mciteplus 2008/09/30 v1.1 enhanced mcite
\@mcitetmptoksA=\toks26
\@mcitetmpdima=\dimen131
\@mcitetmpdimb=\dimen132
\@mcitetmpcnta=\count115
\@mcitetmpcntb=\count116
\c@mcitebibitemcount=\count117
\c@mcitesubitemcount=\count118

** mciteplus: Detected cite.sty. Invoking hooks.
) (/usr/share/texmf/tex/latex/tools/longtable.sty
Package: longtable 2004/02/01 v4.11 Multi-page Table package (DPC)
\LTleft=\skip49
\LTright=\skip50
\LTpre=\skip51
\LTpost=\skip52
\LTchunksize=\count119
\LTcapwidth=\dimen133
\LT@head=\box29
\LT@firsthead=\box30
\LT@foot=\box31
\LT@lastfoot=\box32
\LT@cols=\count120
\LT@rows=\count121
\c@LT@tables=\count122
\c@LT@chunks=\count123
\LT@p@ftn=\toks27
)
(/usr/share/texmf/tex/latex/paralist/paralist.sty
Package: paralist 2002/03/18 v2.3b Extended list environments (BS)
\pltopsep=\skip53
\plpartopsep=\skip54
\plitemsep=\skip55
\plparsep=\skip56
\pl@lab=\toks28
) (./main.aux)
\openout1 = `main.aux'.

LaTeX Font Info:    Checking defaults for OML/cmm/m/it on input line 33.
LaTeX Font Info:    ... okay on input line 33.
LaTeX Font Info:    Checking defaults for T1/cmr/m/n on input line 33.
LaTeX Font Info:    ... okay on input line 33.
LaTeX Font Info:    Checking defaults for OT1/cmr/m/n on input line 33.
LaTeX Font Info:    ... okay on input line 33.
LaTeX Font Info:    Checking defaults for OMS/cmsy/m/n on input line 33.
LaTeX Font Info:    ... okay on input line 33.
LaTeX Font Info:    Checking defaults for OMX/cmex/m/n on input line 33.
LaTeX Font Info:    ... okay on input line 33.
LaTeX Font Info:    Checking defaults for U/cmr/m/n on input line 33.
LaTeX Font Info:    ... okay on input line 33.
LaTeX Font Info:    Checking defaults for PD1/pdf/m/n on input line 33.
LaTeX Font Info:    ... okay on input line 33.
Package microtype Info: Generating PDF output.
Package microtype Info: Character protrusion enabled (level 2).
Package microtype Info: Using default protrusion set `alltext'.
Package microtype Info: Automatic font expansion enabled (level 2),
(microtype)             stretch: 20, shrink: 20, step: 4, non-selected.
Package microtype Info: Using default expansion set `basictext'.
Package microtype Info: No tracking.
Package microtype Info: No adjustment of interword spacing.
Package microtype Info: No adjustment of character kerning.

(/usr/share/texmf/tex/latex/microtype/mt-cmr.cfg
File: mt-cmr.cfg 2005/11/07 v1.9 microtype config. file: Computer Modern Roman 
(RS)
)
(/usr/share/texmf/tex/latex/ragged2e/ragged2e.sty
Package: ragged2e 2003/03/25 v2.04 ragged2e Package (MS)

(/usr/share/texmf/tex/latex/everysel/everysel.sty
Package: everysel 1999/06/08 v1.03 EverySelectfont Package (MS)
LaTeX Info: Redefining \selectfont on input line 125.
)
\CenteringLeftskip=\skip57
\RaggedLeftLeftskip=\skip58
\RaggedRightLeftskip=\skip59
\CenteringRightskip=\skip60
\RaggedLeftRightskip=\skip61
\RaggedRightRightskip=\skip62
\CenteringParfillskip=\skip63
\RaggedLeftParfillskip=\skip64
\RaggedRightParfillskip=\skip65
\JustifyingParfillskip=\skip66
\CenteringParindent=\skip67
\RaggedLeftParindent=\skip68
\RaggedRightParindent=\skip69
\JustifyingParindent=\skip70
)
Package caption Info: hyperref package v6.74m (or newer) detected on input line
 33.
Package caption Info: hypcap package v1.0 (or newer) detected on input line 33.

Package caption Info: longtable package v3.15 (or newer) detected on input line
 33.
Package hyperref Info: Link coloring OFF on input line 33.

(/usr/share/texmf/tex/latex/hyperref/nameref.sty
Package: nameref 2006/12/27 v2.28 Cross-referencing by name of section

(/usr/share/texmf/tex/latex/oberdiek/refcount.sty
Package: refcount 2006/02/20 v3.0 Data extraction from references (HO)
)
\c@section@level=\count124
)
LaTeX Info: Redefining \ref on input line 33.
LaTeX Info: Redefining \pageref on input line 33.
 (./main.out) (./main.out)
\@outlinefile=\write3
\openout3 = `main.out'.


(./title-LHCb-ANA.tex
LaTeX Font Info:    Try loading font information for U+msa on input line 17.
 (/usr/share/texmf/tex/latex/amsfonts/umsa.fd
File: umsa.fd 2002/01/19 v2.2g AMS font definitions
)
(/usr/share/texmf/tex/latex/microtype/mt-msa.cfg
File: mt-msa.cfg 2006/02/04 v1.1 microtype config. file: AMS symbols (a) (RS)
)
LaTeX Font Info:    Try loading font information for U+msb on input line 17.

(/usr/share/texmf/tex/latex/amsfonts/umsb.fd
File: umsb.fd 2002/01/19 v2.2g AMS font definitions
)
(/usr/share/texmf/tex/latex/microtype/mt-msb.cfg
File: mt-msb.cfg 2005/06/01 v1.0 microtype config. file: AMS symbols (b) (RS)
)
(/usr/share/texmf/tex/latex/microtype/mt-eur.cfg
File: mt-eur.cfg 2006/07/31 v1.1 microtype config. file: AMS Euler Roman (RS)
)
<lhcb-logo.pdf, id=259, 86.3225pt x 59.22125pt>
File: lhcb-logo.pdf Graphic file (type pdf)
 <use lhcb-logo.pdf> [1

{/var/lib/texmf/fonts/map/pdftex/updmap/pdftex.map} </usr/share/texmf/tex/latex
/cern/lhcb-logo.pdf>] [2]) (./main.toc [3

])
\tf@toc=\write4
\openout4 = `main.toc'.

 [4] (./introduction.tex) (./data.tex

LaTeX Warning: `h' float specifier changed to `ht'.

) (./monteCarlo.tex) (./selection.texpdfTeX warning (ext4): destination with th
e same identifier (name{page.1}) has been already used, duplicate ignored
<to be read again> 
                   \relax 
l.10 
      [1

]
LaTeX Font Info:    Try loading font information for OMS+cmr on input line 28.
 (/usr/share/texmf/tex/latex/base/omscmr.fd
File: omscmr.fd 1999/05/25 v2.5h Standard LaTeX font definitions
)
LaTeX Font Info:    Font shape `OMS/cmr/m/n' in size <12> not available
(Font)              Font shape `OMS/cmsy/m/n' tried instead on input line 28.
pdfTeX warning (ext4): destination with the same identifier (name{page.2}) has 
been already used, duplicate ignored
<to be read again> 
                   \relax 
l.34 
      [2]pdfTeX warning (ext4): destination with the same identifier (name{page
.3}) has been already used, duplicate ignored
<to be read again> 
                   \relax 
l.91 
      [3] <figs/BDT_Input_1.pdf, id=384, 569.12625pt x 296.10625pt>
File: figs/BDT_Input_1.pdf Graphic file (type pdf)

<use figs/BDT_Input_1.pdf>
<figs/BDT_Input_2.pdf, id=385, 569.12625pt x 296.10625pt>
File: figs/BDT_Input_2.pdf Graphic file (type pdf)

<use figs/BDT_Input_2.pdf>
<figs/BDT_Input_3.pdf, id=386, 569.12625pt x 296.10625pt>
File: figs/BDT_Input_3.pdf Graphic file (type pdf)

<use figs/BDT_Input_3.pdf>
Underfull \hbox (badness 10000) in paragraph at lines 94--98
[][]
 []


Underfull \hbox (badness 10000) in paragraph at lines 94--98
[]
 []


LaTeX Warning: `h' float specifier changed to `ht'.

<figs/BDT_Response.pdf, id=389, 569.12625pt x 421.575pt>
File: figs/BDT_Response.pdf Graphic file (type pdf)

<use figs/BDT_Response.pdf>

LaTeX Warning: `h' float specifier changed to `ht'.

<figs/BDT_CutEfficiency.pdf, id=391, 569.12625pt x 421.575pt>
File: figs/BDT_CutEfficiency.pdf Graphic file (type pdf)

<use figs/BDT_CutEfficiency.pdf>

LaTeX Warning: `h' float specifier changed to `ht'.

) (./detector.texpdfTeX warning (ext4): destination with the same identifier (n
ame{page.4}) has been already used, duplicate ignored
<to be read again> 
                   \relax 
l.10 
      [4]
Underfull \hbox (badness 1038) in paragraph at lines 11--35
[]\OT1/cmr/m/n/12 (+20) The [] de-tec-tor [[]2[], []3[]] is a single-arm for-wa
rd spec-trom-e-ter cov-er-ing the
 []

[5 <./figs/BDT_Input_1.pdf, page is rotated 90 degrees> <./figs/BDT_Input_2.pdf
, page is rotated 90 degrees> <./figs/BDT_Input_3.pdf, page is rotated 90 degre
es>] [6 <./figs/BDT_Response.pdf, page is rotated 90 degrees>] [7 <./figs/BDT_C
utEfficiency.pdf, page is rotated 90 degrees>]) (./efficiency.tex [8]

LaTeX Warning: `h' float specifier changed to `ht'.

) (./figures.tex
Underfull \hbox (badness 7777) in paragraph at lines 11--17
\OT1/cmr/m/n/12 (+20) A stan-dard [] style file for use in pro-duc-tion of fig-
ures in []
 []


Underfull \hbox (badness 7685) in paragraph at lines 11--17
\OT1/cmr/m/n/12 (+20) is in the [] pack-age \OT1/cmtt/m/n/12 RootTools/LHCbStyl
e \OT1/cmr/m/n/12 (+20) or di-rectly in [] at
 []

LaTeX Font Info:    Try loading font information for OMS+cmtt on input line 19.

LaTeX Font Info:    No file OMScmtt.fd. on input line 19.

LaTeX Font Warning: Font shape `OMS/cmtt/m/n' undefined
(Font)              using `OMS/cmsy/m/n' instead
(Font)              for symbol `textbackslash' on input line 19.

<./figs/Example1DPlot-python-1.pdf, id=679, 569.12625pt x 390.45876pt>
File: ./figs/Example1DPlot-python-1.pdf Graphic file (type pdf)

<use ./figs/Example1DPlot-python-1.pdf>
<./figs/Example1DPlot-python-1_sim.pdf, id=680, 569.12625pt x 390.45876pt>
File: ./figs/Example1DPlot-python-1_sim.pdf Graphic file (type pdf)

<use ./figs/Example1DPlot-python-1_sim.pdf> [9] [10 <./figs/Example1DPlot-pytho
n-1.pdf, page is rotated 90 degrees> <./figs/Example1DPlot-python-1_sim.pdf, pa
ge is rotated 90 degrees>]) (./reference.tex [11]
Underfull \hbox (badness 4805) in paragraph at lines 63--73
[]\OT1/cmr/m/n/12 (+20) The \OT1/cmtt/m/n/12 mciteplus \OT1/cmr/m/n/12 (+20) [[
]22[]] pack-age is used to en-able mul-ti-ple ref-er-ences to
 []


Underfull \hbox (badness 6032) in paragraph at lines 63--73
\OT1/cmr/m/n/12 (+20) show up as a sin-gle item in the ref-er-ence list. As an 
ex-am-ple
 []

) (./supplementary.tex [12]) (./appendix.tex [13]pdfTeX warning (ext4): destina
tion with the same identifier (name{table.4}) has been already used, duplicate 
ignored
<to be read again> 
                   \relax 
l.30   \begin{longtable}{llc}
                             
Underfull \vbox (badness 10000) detected at line 56
 []

[14

]
Underfull \vbox (badness 10000) detected at line 200
 []

[15] [16] [17] [18]
Underfull \hbox (badness 5490) in paragraph at lines 493--493
[][][]\OT1/cmr/m/n/10 (+20) If you cite the gamma com-bi-na-tion, al-ways also 
cite the lat-est gamma pa-per as
 []


Underfull \vbox (badness 10000) detected at line 528
 []

[19] [20]

LaTeX Warning: Reference `sec:typography' on page 21 undefined on input line 63
6.

(./lhcb-symbols-list.tex [21] [22] [23] [24] [25]
Overfull \hbox (42.84633pt too wide) in alignment at lines 199--204
[] [] [] [] [] [] 
 []

[26] [27] [28])) (./supplementary-app.tex [29]

Package pdftex.def Warning: Option `bb' does not make sense,
(pdftex.def)                using `viewport' instead on input line 16.

<./figs/Roger-plot.pdf, id=1834, 614.295pt x 794.97pt>
File: ./figs/Roger-plot.pdf Graphic file (type pdf)

<use ./figs/Roger-plot.pdf> [30

 <./figs/Roger-plot.pdf

pdfTeX warning: pdflatex (file ./figs/Roger-plot.pdf): PDF inclusion: Page Grou
p detected which pdfTeX can't handle. Ignoring it.
>]) (./main.bbl [31

]
Underfull \hbox (badness 10000) in paragraph at lines 235--242
[]\OT1/cmr/m/n/12 (+20) M. Shell, \OT1/cmr/m/it/12 (+20) Mciteplus: En-hanced m
ul-ti-c-i-ta-tions\OT1/cmr/m/n/12 (+20) ,
 []

[32] [33] [34] [35] [36] [37] [38] [39] [40] [41] [42] [43] [44] [45] [46]
[47] [48]
Underfull \hbox (badness 2237) in paragraph at lines 3208--3220
\OML/cmm/m/it/12 D[]K[]^^Y[]^^Y[]$ \OT1/cmr/m/it/12 (+20) and $[][] \OMS/cmtt/m
/n/12 ! \OML/cmm/m/it/12 D[]\OT1/cmr/m/n/12 (+20) (2536)[]\OML/cmm/m/it/12 ^^Y[
]$\OT1/cmr/m/n/12 (+20) , []Phys. Rev. \OT1/cmr/bx/n/12 D86 \OT1/cmr/m/n/12 (+2
0) (2012) 112005[],
 []

[49] [50] [51] [52] [53] [54] [55] [56] [57] [58] [59]
Underfull \hbox (badness 4713) in paragraph at lines 4989--4999
[]\OT1/cmr/m/n/12 (+20) LHCb col-lab-o-ra-tion, \OT1/cmr/m/it/12 (+20) Mea-sure
-ment of the Ra-tio of Branch-ing Frac-tions
 []

[60] [61]) [62] (./LHCb_authorlist.tex) [63] (./main.aux)

LaTeX Font Warning: Some font shapes were not available, defaults substituted.


LaTeX Warning: There were undefined references.

 ) 
Here is how much of TeX's memory you used:
 8736 strings out of 256216
 141363 string characters out of 1917072
 217575 words of memory out of 1500000
 11118 multiletter control sequences out of 10000+200000
 22715 words of font info for 114 fonts, out of 1200000 for 2000
 645 hyphenation exceptions out of 8191
 39i,14n,46p,731b,1441s stack positions out of 5000i,500n,6000p,200000b,15000s
</usr/share/texmf/fonts/type1/bluesky/cm/cmbx10.pfb></usr/share/texmf/fonts/t
ype1/bluesky/cm/cmbx12.pfb></usr/share/texmf/fonts/type1/bluesky/cm/cmcsc10.pfb
></usr/share/texmf/fonts/type1/bluesky/cm/cmex10.pfb></usr/share/texmf/fonts/ty
pe1/bluesky/cm/cmmi10.pfb></usr/share/texmf/fonts/type1/bluesky/cm/cmmi12.pfb><
/usr/share/texmf/fonts/type1/bluesky/cm/cmmi6.pfb></usr/share/texmf/fonts/type1
/bluesky/cm/cmmi8.pfb></usr/share/texmf/fonts/type1/bluesky/cm/cmr10.pfb></usr/
share/texmf/fonts/type1/bluesky/cm/cmr12.pfb></usr/share/texmf/fonts/type1/blue
sky/cm/cmr5.pfb></usr/share/texmf/fonts/type1/bluesky/cm/cmr6.pfb></usr/share/t
exmf/fonts/type1/bluesky/cm/cmr7.pfb></usr/share/texmf/fonts/type1/bluesky/cm/c
mr8.pfb></usr/share/texmf/fonts/type1/bluesky/cm/cmss8.pfb></usr/share/texmf/fo
nts/type1/bluesky/cm/cmsy10.pfb></usr/share/texmf/fonts/type1/bluesky/cm/cmsy6.
pfb></usr/share/texmf/fonts/type1/bluesky/cm/cmsy8.pfb></usr/share/texmf/fonts/
type1/bluesky/cm/cmti10.pfb></usr/share/texmf/fonts/type1/bluesky/cm/cmti12.pfb
></usr/share/texmf/fonts/type1/bluesky/cm/cmti7.pfb></usr/share/texmf/fonts/typ
e1/bluesky/cm/cmti8.pfb></usr/share/texmf/fonts/type1/bluesky/cm/cmtt10.pfb></u
sr/share/texmf/fonts/type1/bluesky/cm/cmtt12.pfb></usr/share/texmf/fonts/type1/
bluesky/ams/eurm10.pfb></usr/share/texmf/fonts/type1/public/cmex/fmex8.pfb>
Output written on main.pdf (67 pages, 1093828 bytes).
PDF statistics:
 3181 PDF objects out of 3580 (max. 8388607)
 645 named destinations out of 1000 (max. 131072)
 30268 words of extra memory for PDF output out of 35830 (max. 10000000)

