This is pdfTeXk, Version 3.141592-1.40.3 (Web2C 7.5.6) (format=pdflatex 2013.4.10)  16 AUG 2017 16:37
entering extended mode
 %&-line parsing enabled.
**main
(./main.tex
LaTeX2e <2005/12/01>
Babel <v3.8h> and hyphenation patterns for english, usenglishmax, dumylang, noh
yphenation, arabic, basque, bulgarian, coptic, welsh, czech, slovak, german, ng
erman, danish, esperanto, spanish, catalan, galician, estonian, farsi, finnish,
 french, greek, monogreek, ancientgreek, croatian, hungarian, interlingua, ibyc
us, indonesian, icelandic, italian, latin, mongolian, dutch, norsk, polish, por
tuguese, pinyin, romanian, russian, slovenian, uppersorbian, serbian, swedish, 
turkish, ukenglish, ukrainian, loaded.
(/usr/share/texmf/tex/latex/base/article.cls
Document Class: article 2005/09/16 v1.4f Standard LaTeX document class
(/usr/share/texmf/tex/latex/base/size12.clo
File: size12.clo 2005/09/16 v1.4f Standard LaTeX file (size option)
)
\c@part=\count79
\c@section=\count80
\c@subsection=\count81
\c@subsubsection=\count82
\c@paragraph=\count83
\c@subparagraph=\count84
\c@figure=\count85
\c@table=\count86
\abovecaptionskip=\skip41
\belowcaptionskip=\skip42
\bibindent=\dimen102
)
(/usr/share/texmf/tex/latex/base/ifthen.sty
Package: ifthen 2001/05/26 v1.1c Standard LaTeX ifthen package (DPC)
) (./usefulCommands.tex)
(./preamble.tex (/usr/share/texmf/tex/latex/geometry/geometry.sty
Package: geometry 2002/07/08 v3.2 Page Geometry

(/usr/share/texmf/tex/latex/graphics/keyval.sty
Package: keyval 1999/03/16 v1.13 key=value parser (DPC)
\KV@toks@=\toks14
)
\Gm@cnth=\count87
\Gm@cntv=\count88
\c@Gm@tempcnt=\count89
\Gm@bindingoffset=\dimen103
\Gm@wd@mp=\dimen104
\Gm@odd@mp=\dimen105
\Gm@even@mp=\dimen106
\Gm@dimlist=\toks15
)
(/usr/share/texmf/tex/latex/microtype/microtype.sty
Package: microtype 2007/01/21 v2.0 Micro-typography with pdfTeX (RS)
\MT@toks=\toks16
\MT@count=\count90
LaTeX Info: Redefining \lsstyle on input line 1370.
LaTeX Info: Redefining \lslig on input line 1370.
LaTeX Info: Redefining \textls on input line 1371.
\MT@lskern=\dimen107
Package microtype Info: Loading configuration file microtype.cfg.

(/usr/share/texmf/tex/latex/microtype/microtype.cfg
File: microtype.cfg 2007/01/14 v2.0 microtype main configuration file (RS)
))
(/usr/share/texmf/tex/latex/lineno/lineno.sty
Package: lineno 2005/11/02 line numbers on paragraphs v4.41
\linenopenalty=\count91
\output=\toks17
\linenoprevgraf=\count92
\linenumbersep=\dimen108
\linenumberwidth=\dimen109
\c@linenumber=\count93
\c@pagewiselinenumber=\count94
\c@LN@truepage=\count95
\c@internallinenumber=\count96
\c@internallinenumbers=\count97
\quotelinenumbersep=\dimen110
\bframerule=\dimen111
\bframesep=\dimen112
\bframebox=\box26
LaTeX Info: Redefining \\ on input line 3056.
)
(/usr/share/texmf/tex/latex/tools/xspace.sty
Package: xspace 2006/05/08 v1.12 Space after command names (DPC,MH)
)
(/usr/share/texmf/tex/latex/caption/caption.sty
Package: caption 2007/01/07 v3.0k Customising captions (AR)

(/usr/share/texmf/tex/latex/caption/caption3.sty
Package: caption3 2007/01/07 v3.0k caption3 kernel (AR)
\captionmargin=\dimen113
\captionmarginx=\dimen114
\captionwidth=\dimen115
\captionindent=\dimen116
\captionparindent=\dimen117
\captionhangindent=\dimen118
))
(/usr/share/texmf/tex/latex/graphics/graphicx.sty
Package: graphicx 1999/02/16 v1.0f Enhanced LaTeX Graphics (DPC,SPQR)

(/usr/share/texmf/tex/latex/graphics/graphics.sty
Package: graphics 2006/02/20 v1.0o Standard LaTeX Graphics (DPC,SPQR)

(/usr/share/texmf/tex/latex/graphics/trig.sty
Package: trig 1999/03/16 v1.09 sin cos tan (DPC)
)
(/usr/share/texmf/tex/latex/config/graphics.cfg
File: graphics.cfg 2007/01/18 v1.5 graphics configuration of teTeX/TeXLive
)
Package graphics Info: Driver file: pdftex.def on input line 90.

(/usr/share/texmf/tex/latex/pdftex-def/pdftex.def
File: pdftex.def 2007/01/08 v0.04d Graphics/color for pdfTeX
\Gread@gobject=\count98
))
\Gin@req@height=\dimen119
\Gin@req@width=\dimen120
)
(/usr/share/texmf/tex/latex/graphics/color.sty
Package: color 2005/11/14 v1.0j Standard LaTeX Color (DPC)

(/usr/share/texmf/tex/latex/config/color.cfg
File: color.cfg 2007/01/18 v1.5 color configuration of teTeX/TeXLive
)
Package color Info: Driver file: pdftex.def on input line 130.
)
(/usr/share/texmf/tex/latex/colortbl/colortbl.sty
Package: colortbl 2001/02/13 v0.1j Color table columns (DPC)

(/usr/share/texmf/tex/latex/tools/array.sty
Package: array 2005/08/23 v2.4b Tabular extension package (FMi)
\col@sep=\dimen121
\extrarowheight=\dimen122
\NC@list=\toks18
\extratabsurround=\skip43
\backup@length=\skip44
)
\everycr=\toks19
\minrowclearance=\skip45
)
(/usr/share/texmf/tex/latex/amsmath/amsmath.sty
Package: amsmath 2000/07/18 v2.13 AMS math features
\@mathmargin=\skip46

For additional information on amsmath, use the `?' option.
(/usr/share/texmf/tex/latex/amsmath/amstext.sty
Package: amstext 2000/06/29 v2.01

(/usr/share/texmf/tex/latex/amsmath/amsgen.sty
File: amsgen.sty 1999/11/30 v2.0
\@emptytoks=\toks20
\ex@=\dimen123
))
(/usr/share/texmf/tex/latex/amsmath/amsbsy.sty
Package: amsbsy 1999/11/29 v1.2d
\pmbraise@=\dimen124
)
(/usr/share/texmf/tex/latex/amsmath/amsopn.sty
Package: amsopn 1999/12/14 v2.01 operator names
)
\inf@bad=\count99
LaTeX Info: Redefining \frac on input line 211.
\uproot@=\count100
\leftroot@=\count101
LaTeX Info: Redefining \overline on input line 307.
\classnum@=\count102
\DOTSCASE@=\count103
LaTeX Info: Redefining \ldots on input line 379.
LaTeX Info: Redefining \dots on input line 382.
LaTeX Info: Redefining \cdots on input line 467.
\Mathstrutbox@=\box27
\strutbox@=\box28
\big@size=\dimen125
LaTeX Font Info:    Redeclaring font encoding OML on input line 567.
LaTeX Font Info:    Redeclaring font encoding OMS on input line 568.
\macc@depth=\count104
\c@MaxMatrixCols=\count105
\dotsspace@=\muskip10
\c@parentequation=\count106
\dspbrk@lvl=\count107
\tag@help=\toks21
\row@=\count108
\column@=\count109
\maxfields@=\count110
\andhelp@=\toks22
\eqnshift@=\dimen126
\alignsep@=\dimen127
\tagshift@=\dimen128
\tagwidth@=\dimen129
\totwidth@=\dimen130
\lineht@=\dimen131
\@envbody=\toks23
\multlinegap=\skip47
\multlinetaggap=\skip48
\mathdisplay@stack=\toks24
LaTeX Info: Redefining \[ on input line 2666.
LaTeX Info: Redefining \] on input line 2667.
)
(/usr/share/texmf/tex/latex/amsfonts/amssymb.sty
Package: amssymb 2002/01/22 v2.2d

(/usr/share/texmf/tex/latex/amsfonts/amsfonts.sty
Package: amsfonts 2001/10/25 v2.2f
\symAMSa=\mathgroup4
\symAMSb=\mathgroup5
LaTeX Font Info:    Overwriting math alphabet `\mathfrak' in version `bold'
(Font)                  U/euf/m/n --> U/euf/b/n on input line 132.
))
(/usr/share/texmf/tex/latex/was/upgreek.sty
Package: upgreek 2003/02/12 v2.0 (WaS)
Package upgreek Info: Using Euler Roman for upright Greek on input line 31.
\symugrf@m=\mathgroup6
LaTeX Font Info:    Overwriting symbol font `ugrf@m' in version `bold'
(Font)                  U/eur/m/n --> U/eur/b/n on input line 38.
)
(/usr/share/texmf/tex/latex/hyperref/hyperref.sty
Package: hyperref 2007/02/07 v6.75r Hypertext links for LaTeX
\@linkdim=\dimen132
\Hy@linkcounter=\count111
\Hy@pagecounter=\count112

(/usr/share/texmf/tex/latex/hyperref/pd1enc.def
File: pd1enc.def 2007/02/07 v6.75r Hyperref: PDFDocEncoding definition (HO)
)
(/usr/share/texmf/tex/latex/config/hyperref.cfg
File: hyperref.cfg 2002/06/06 v1.2 hyperref configuration of TeXLive
)
(/usr/share/texmf/tex/latex/oberdiek/kvoptions.sty
Package: kvoptions 2006/08/22 v2.4 Connects package keyval with LaTeX options (
HO)
)
Package hyperref Info: Hyper figures OFF on input line 2288.
Package hyperref Info: Link nesting OFF on input line 2293.
Package hyperref Info: Hyper index ON on input line 2296.
Package hyperref Info: Plain pages OFF on input line 2303.
Package hyperref Info: Backreferencing OFF on input line 2308.

Implicit mode ON; LaTeX internals redefined
Package hyperref Info: Bookmarks ON on input line 2444.
(/usr/share/texmf/tex/latex/ltxmisc/url.sty
\Urlmuskip=\muskip11
Package: url 2005/06/27  ver 3.2  Verb mode for urls, etc.
)
LaTeX Info: Redefining \url on input line 2599.
\Fld@menulength=\count113
\Field@Width=\dimen133
\Fld@charsize=\dimen134
\Choice@toks=\toks25
\Field@toks=\toks26
Package hyperref Info: Hyper figures OFF on input line 3102.
Package hyperref Info: Link nesting OFF on input line 3107.
Package hyperref Info: Hyper index ON on input line 3110.
Package hyperref Info: backreferencing OFF on input line 3117.
Package hyperref Info: Link coloring OFF on input line 3122.
\Hy@abspage=\count114
\c@Item=\count115
\c@Hfootnote=\count116
)
*hyperref using default driver hpdftex*
(/usr/share/texmf/tex/latex/hyperref/hpdftex.def
File: hpdftex.def 2007/02/07 v6.75r Hyperref driver for pdfTeX
\Fld@listcount=\count117
)
(/usr/share/texmf/tex/latex/oberdiek/hypcap.sty
Package: hypcap 2006/02/20 v1.5 Adjusting anchors of captions (HO)
) (./lhcb-symbols-def.tex)
(./cite.sty
LaTeX Info: Redefining \cite on input line 302.
LaTeX Info: Redefining \nocite on input line 373.
Package: cite 2010/09/10  v 5.3
)) (./mciteplus.sty
Package: mciteplus 2008/09/30 v1.1 enhanced mcite
\@mcitetmptoksA=\toks27
\@mcitetmpdima=\dimen135
\@mcitetmpdimb=\dimen136
\@mcitetmpcnta=\count118
\@mcitetmpcntb=\count119
\c@mcitebibitemcount=\count120
\c@mcitesubitemcount=\count121

** mciteplus: Detected cite.sty. Invoking hooks.
) (/usr/share/texmf/tex/latex/psnfss/pifont.sty
Package: pifont 2005/04/12 PSNFSS-v9.2a Pi font support (SPQR) 
LaTeX Font Info:    Try loading font information for U+pzd on input line 63.

(/usr/share/texmf/tex/latex/psnfss/upzd.fd
File: upzd.fd 2001/06/04 font definitions for U/pzd.
)
LaTeX Font Info:    Try loading font information for U+psy on input line 64.

(/usr/share/texmf/tex/latex/psnfss/upsy.fd
File: upsy.fd 2001/06/04 font definitions for U/psy.
))
(/usr/share/texmf/tex/latex/tools/longtable.sty
Package: longtable 2004/02/01 v4.11 Multi-page Table package (DPC)
\LTleft=\skip49
\LTright=\skip50
\LTpre=\skip51
\LTpost=\skip52
\LTchunksize=\count122
\LTcapwidth=\dimen137
\LT@head=\box29
\LT@firsthead=\box30
\LT@foot=\box31
\LT@lastfoot=\box32
\LT@cols=\count123
\LT@rows=\count124
\c@LT@tables=\count125
\c@LT@chunks=\count126
\LT@p@ftn=\toks28
) (./main.aux

LaTeX Warning: Label `table:InputVars' multiply defined.

)
\openout1 = `main.aux'.

LaTeX Font Info:    Checking defaults for OML/cmm/m/it on input line 56.
LaTeX Font Info:    ... okay on input line 56.
LaTeX Font Info:    Checking defaults for T1/cmr/m/n on input line 56.
LaTeX Font Info:    ... okay on input line 56.
LaTeX Font Info:    Checking defaults for OT1/cmr/m/n on input line 56.
LaTeX Font Info:    ... okay on input line 56.
LaTeX Font Info:    Checking defaults for OMS/cmsy/m/n on input line 56.
LaTeX Font Info:    ... okay on input line 56.
LaTeX Font Info:    Checking defaults for OMX/cmex/m/n on input line 56.
LaTeX Font Info:    ... okay on input line 56.
LaTeX Font Info:    Checking defaults for U/cmr/m/n on input line 56.
LaTeX Font Info:    ... okay on input line 56.
LaTeX Font Info:    Checking defaults for PD1/pdf/m/n on input line 56.
LaTeX Font Info:    ... okay on input line 56.
-------------------- Geometry parameters
paper: a4paper
landscape: --
twocolumn: --
twoside: --
asymmetric: --
h-parts: 72.26999pt, 452.9679pt, 72.26999pt
v-parts: 72.26999pt, 682.43936pt, 90.3375pt
hmarginratio: --
vmarginratio: --
lines: --
heightrounded: --
bindingoffset: 0.0pt
truedimen: --
includehead: --
includefoot: --
includemp: --
driver: pdftex
-------------------- Page layout dimensions and switches
\paperwidth  597.50787pt
\paperheight 845.04684pt
\textwidth  452.9679pt
\textheight 682.43936pt
\oddsidemargin  0.0pt
\evensidemargin 0.0pt
\topmargin  -37.0pt
\headheight 12.0pt
\headsep    25.0pt
\footskip   30.0pt
\marginparwidth 64.01869pt
\marginparsep   10.0pt
\columnsep  14.22636pt
\skip\footins  10.8pt plus 4.0pt minus 2.0pt
\hoffset 0.0pt
\voffset 0.0pt
\mag 1000
\@reversemargintrue 
(1in=72.27pt, 1cm=28.45pt)
-----------------------
Package microtype Info: Generating PDF output.
Package microtype Info: Character protrusion enabled (level 2).
Package microtype Info: Using default protrusion set `alltext'.
Package microtype Info: Automatic font expansion enabled (level 2),
(microtype)             stretch: 20, shrink: 20, step: 4, non-selected.
Package microtype Info: Using default expansion set `basictext'.
Package microtype Info: No tracking.
Package microtype Info: No adjustment of interword spacing.
Package microtype Info: No adjustment of character kerning.
 (/usr/share/texmf/tex/latex/microtype/mt-cmr.cfg
File: mt-cmr.cfg 2005/11/07 v1.9 microtype config. file: Computer Modern Roman 
(RS)
)
(/usr/share/texmf/tex/latex/ragged2e/ragged2e.sty
Package: ragged2e 2003/03/25 v2.04 ragged2e Package (MS)

(/usr/share/texmf/tex/latex/everysel/everysel.sty
Package: everysel 1999/06/08 v1.03 EverySelectfont Package (MS)
LaTeX Info: Redefining \selectfont on input line 125.
)
\CenteringLeftskip=\skip53
\RaggedLeftLeftskip=\skip54
\RaggedRightLeftskip=\skip55
\CenteringRightskip=\skip56
\RaggedLeftRightskip=\skip57
\RaggedRightRightskip=\skip58
\CenteringParfillskip=\skip59
\RaggedLeftParfillskip=\skip60
\RaggedRightParfillskip=\skip61
\JustifyingParfillskip=\skip62
\CenteringParindent=\skip63
\RaggedLeftParindent=\skip64
\RaggedRightParindent=\skip65
\JustifyingParindent=\skip66
)
Package caption Info: hyperref package v6.74m (or newer) detected on input line
 56.
Package caption Info: hypcap package v1.0 (or newer) detected on input line 56.

Package caption Info: longtable package v3.15 (or newer) detected on input line
 56.
Package hyperref Info: Link coloring OFF on input line 56.

(/usr/share/texmf/tex/latex/hyperref/nameref.sty
Package: nameref 2006/12/27 v2.28 Cross-referencing by name of section

(/usr/share/texmf/tex/latex/oberdiek/refcount.sty
Package: refcount 2006/02/20 v3.0 Data extraction from references (HO)
)
\c@section@level=\count127
)
LaTeX Info: Redefining \ref on input line 56.
LaTeX Info: Redefining \pageref on input line 56.
 (./main.out) (./main.out)
\@outlinefile=\write3
\openout3 = `main.out'.


(./title-LHCb-ANA.tex
LaTeX Font Info:    Try loading font information for U+msa on input line 17.
 (/usr/share/texmf/tex/latex/amsfonts/umsa.fd
File: umsa.fd 2002/01/19 v2.2g AMS font definitions
)
(/usr/share/texmf/tex/latex/microtype/mt-msa.cfg
File: mt-msa.cfg 2006/02/04 v1.1 microtype config. file: AMS symbols (a) (RS)
)
LaTeX Font Info:    Try loading font information for U+msb on input line 17.

(/usr/share/texmf/tex/latex/amsfonts/umsb.fd
File: umsb.fd 2002/01/19 v2.2g AMS font definitions
)
(/usr/share/texmf/tex/latex/microtype/mt-msb.cfg
File: mt-msb.cfg 2005/06/01 v1.0 microtype config. file: AMS symbols (b) (RS)
)
(/usr/share/texmf/tex/latex/microtype/mt-eur.cfg
File: mt-eur.cfg 2006/07/31 v1.1 microtype config. file: AMS Euler Roman (RS)
)
<lhcb-logo.pdf, id=63, 86.3225pt x 59.22125pt>
File: lhcb-logo.pdf Graphic file (type pdf)
 <use lhcb-logo.pdf> [1

{/var/lib/texmf/fonts/map/pdftex/updmap/pdftex.map} </usr/share/texmf/tex/latex
/cern/lhcb-logo.pdf>] [2]) (./main.toc)
\tf@toc=\write4
\openout4 = `main.toc'.

 [1

] (./todo.texpdfTeX warning (ext4): destination with the same identifier (name{
page.1}) has been already used, duplicate ignored
<to be read again> 
                   \relax 
l.36 \clearpage
                [1


]) (./introduction.tex
<figs/FeynmannGraphs.png, id=124, 565.51276pt x 148.75575pt>
File: figs/FeynmannGraphs.png Graphic file (type png)

<use figs/FeynmannGraphs.png>)pdfTeX warning (ext4): destination with the same 
identifier (name{page.2}) has been already used, duplicate ignored
<to be read again> 
                   \relax 
l.103 \clearpage
                 [2


 <./figs/FeynmannGraphs.png>] (./sensitivity.tex
Underfull \hbox (badness 10000) in paragraph at lines 32--35

 []


Overfull \hbox (56.44153pt too wide) in paragraph at lines 48--48
[] 
 []


Underfull \hbox (badness 10000) in paragraph at lines 54--58

 []

[3

]
Underfull \hbox (badness 10000) in paragraph at lines 62--63

 []

LaTeX Font Info:    Try loading font information for OMS+cmr on input line 66.
(/usr/share/texmf/tex/latex/base/omscmr.fd
File: omscmr.fd 1999/05/25 v2.5h Standard LaTeX font definitions
)
LaTeX Font Info:    Font shape `OMS/cmr/m/n' in size <12> not available
(Font)              Font shape `OMS/cmsy/m/n' tried instead on input line 66.


pdfTeX warning: pdflatex (file ./figs/plots/k-eps-converted-to.pdf): PDF inclus
ion: found PDF version <1.5>, but at most version <1.4> allowed
<figs/plots/k-eps-converted-to.pdf, id=150, 569.12625pt x 385.44pt>
File: figs/plots/k-eps-converted-to.pdf Graphic file (type pdf)

<use figs/plots/k-eps-converted-to.pdf>

pdfTeX warning: pdflatex (file ./figs/plots/k_Ks-eps-converted-to.pdf): PDF inc
lusion: found PDF version <1.5>, but at most version <1.4> allowed
<figs/plots/k_Ks-eps-converted-to.pdf, id=151, 569.12625pt x 385.44pt>
File: figs/plots/k_Ks-eps-converted-to.pdf Graphic file (type pdf)

<use figs/plots/k_Ks-eps-converted-to.pdf>

pdfTeX warning: pdflatex (file ./figs/plots/k_rho-eps-converted-to.pdf): PDF in
clusion: found PDF version <1.5>, but at most version <1.4> allowed
<figs/plots/k_rho-eps-converted-to.pdf, id=152, 569.12625pt x 385.44pt>
File: figs/plots/k_rho-eps-converted-to.pdf Graphic file (type pdf)

<use figs/plots/k_rho-eps-converted-to.pdf>

pdfTeX warning: pdflatex (file ./figs/plots/k_K1-eps-converted-to.pdf): PDF inc
lusion: found PDF version <1.5>, but at most version <1.4> allowed
<figs/plots/k_K1-eps-converted-to.pdf, id=153, 569.12625pt x 385.44pt>
File: figs/plots/k_K1-eps-converted-to.pdf Graphic file (type pdf)

<use figs/plots/k_K1-eps-converted-to.pdf>

LaTeX Warning: `h' float specifier changed to `ht'.

[4 <./figs/plots/k-eps-converted-to.pdf> <./figs/plots/k_Ks-eps-converted-to.pd
f> <./figs/plots/k_rho-eps-converted-to.pdf> <./figs/plots/k_K1-eps-converted-t
o.pdf>] [5]

pdfTeX warning: pdflatex (file ./figs/plots_toy/h_t-eps-converted-to.pdf): PDF 
inclusion: found PDF version <1.5>, but at most version <1.4> allowed
<figs/plots_toy/h_t-eps-converted-to.pdf, id=206, 569.12625pt x 385.44pt>
File: figs/plots_toy/h_t-eps-converted-to.pdf Graphic file (type pdf)

<use figs/plots_toy/h_t-eps-converted-to.pdf>

pdfTeX warning: pdflatex (file ./figs/plots_toy/s_Dspipi-eps-converted-to.pdf):
 PDF inclusion: found PDF version <1.5>, but at most version <1.4> allowed

<figs/plots_toy/s_Dspipi-eps-converted-to.pdf, id=207, 569.12625pt x 385.44pt>
File: figs/plots_toy/s_Dspipi-eps-converted-to.pdf Graphic file (type pdf)

<use figs/plots_toy/s_Dspipi-eps-converted-to.pdf>

pdfTeX warning: pdflatex (file ./figs/plots_toy/s_DsK-eps-converted-to.pdf): PD
F inclusion: found PDF version <1.5>, but at most version <1.4> allowed
<figs/plots_toy/s_DsK-eps-converted-to.pdf, id=208, 569.12625pt x 385.44pt>
File: figs/plots_toy/s_DsK-eps-converted-to.pdf Graphic file (type pdf)

<use figs/plots_toy/s_DsK-eps-converted-to.pdf>

pdfTeX warning: pdflatex (file ./figs/plots_toy/s_Kpipi-eps-converted-to.pdf): 
PDF inclusion: found PDF version <1.5>, but at most version <1.4> allowed
<figs/plots_toy/s_Kpipi-eps-converted-to.pdf, id=209, 569.12625pt x 385.44pt>
File: figs/plots_toy/s_Kpipi-eps-converted-to.pdf Graphic file (type pdf)

<use figs/plots_toy/s_Kpipi-eps-converted-to.pdf>

pdfTeX warning: pdflatex (file ./figs/plots_toy/s_Kpi-eps-converted-to.pdf): PD
F inclusion: found PDF version <1.5>, but at most version <1.4> allowed
<figs/plots_toy/s_Kpi-eps-converted-to.pdf, id=210, 569.12625pt x 385.44pt>
File: figs/plots_toy/s_Kpi-eps-converted-to.pdf Graphic file (type pdf)

<use figs/plots_toy/s_Kpi-eps-converted-to.pdf>

pdfTeX warning: pdflatex (file ./figs/plots_toy/s_pipi-eps-converted-to.pdf): P
DF inclusion: found PDF version <1.5>, but at most version <1.4> allowed
<figs/plots_toy/s_pipi-eps-converted-to.pdf, id=211, 569.12625pt x 385.44pt>
File: figs/plots_toy/s_pipi-eps-converted-to.pdf Graphic file (type pdf)

<use figs/plots_toy/s_pipi-eps-converted-to.pdf>

pdfTeX warning: pdflatex (file ./figs/plots/LL_scan-eps-converted-to.pdf): PDF 
inclusion: found PDF version <1.5>, but at most version <1.4> allowed

<./figs/plots/LL_scan-eps-converted-to.pdf, id=212, 569.12625pt x 298.11375pt>
File: ./figs/plots/LL_scan-eps-converted-to.pdf Graphic file (type pdf)

<use ./figs/plots/LL_scan-eps-converted-to.pdf>

pdfTeX warning: pdflatex (file ./figs/plots_toy/r_pull-eps-converted-to.pdf): P
DF inclusion: found PDF version <1.5>, but at most version <1.4> allowed
<figs/plots_toy/r_pull-eps-converted-to.pdf, id=213, 569.12625pt x 385.44pt>
File: figs/plots_toy/r_pull-eps-converted-to.pdf Graphic file (type pdf)

<use figs/plots_toy/r_pull-eps-converted-to.pdf>

pdfTeX warning: pdflatex (file ./figs/plots_toy/k_pull-eps-converted-to.pdf): P
DF inclusion: found PDF version <1.5>, but at most version <1.4> allowed
<figs/plots_toy/k_pull-eps-converted-to.pdf, id=214, 569.12625pt x 385.44pt>
File: figs/plots_toy/k_pull-eps-converted-to.pdf Graphic file (type pdf)

<use figs/plots_toy/k_pull-eps-converted-to.pdf>

pdfTeX warning: pdflatex (file ./figs/plots_toy/gamma_pull-eps-converted-to.pdf
): PDF inclusion: found PDF version <1.5>, but at most version <1.4> allowed

<figs/plots_toy/gamma_pull-eps-converted-to.pdf, id=215, 569.12625pt x 385.44pt
>
File: figs/plots_toy/gamma_pull-eps-converted-to.pdf Graphic file (type pdf)
 <use figs/plots_toy/gamma_pull-eps-converted-to.pdf>

pdfTeX warning: pdflatex (file ./figs/plots_toy/delta_pull-eps-converted-to.pdf
): PDF inclusion: found PDF version <1.5>, but at most version <1.4> allowed

<figs/plots_toy/delta_pull-eps-converted-to.pdf, id=216, 569.12625pt x 385.44pt
>
File: figs/plots_toy/delta_pull-eps-converted-to.pdf Graphic file (type pdf)
 <use figs/plots_toy/delta_pull-eps-converted-to.pdf> [6

 <./figs/plots_toy/h_t-eps-converted-to.pdf> <./figs/plots_toy/s_Dspipi-eps-con
verted-to.pdf> <./figs/plots_toy/s_DsK-eps-converted-to.pdf> <./figs/plots_toy/
s_Kpipi-eps-converted-to.pdf> <./figs/plots_toy/s_Kpi-eps-converted-to.pdf> <./
figs/plots_toy/s_pipi-eps-converted-to.pdf>] [7 <./figs/plots/LL_scan-eps-conve
rted-to.pdf> <./figs/plots_toy/r_pull-eps-converted-to.pdf> <./figs/plots_toy/k
_pull-eps-converted-to.pdf> <./figs/plots_toy/gamma_pull-eps-converted-to.pdf> 
<./figs/plots_toy/delta_pull-eps-converted-to.pdf>]) [8

] (./selection.tex [9

] [10]
Underfull \hbox (badness 10000) in paragraph at lines 165--170

 []

<figs/mass_Bs_forBDT_12_AnA.png, id=356, 419.166pt x 284.262pt>
File: figs/mass_Bs_forBDT_12_AnA.png Graphic file (type png)

<use figs/mass_Bs_forBDT_12_AnA.png>

LaTeX Warning: `h' float specifier changed to `ht'.

<figs/BDT_Input_1.pdf, id=358, 569.12625pt x 296.10625pt>
File: figs/BDT_Input_1.pdf Graphic file (type pdf)

<use figs/BDT_Input_1.pdf>
<figs/BDT_Input_2.pdf, id=359, 569.12625pt x 296.10625pt>
File: figs/BDT_Input_2.pdf Graphic file (type pdf)

<use figs/BDT_Input_2.pdf>
<figs/BDT_Input_3.pdf, id=360, 569.12625pt x 296.10625pt>
File: figs/BDT_Input_3.pdf Graphic file (type pdf)

<use figs/BDT_Input_3.pdf>
Underfull \hbox (badness 10000) in paragraph at lines 183--187
[][]
 []


Underfull \hbox (badness 10000) in paragraph at lines 183--187
[]
 []


LaTeX Warning: `h' float specifier changed to `ht'.


LaTeX Warning: `h' float specifier changed to `ht'.

<figs/BDT_Response_new.pdf, id=363, 569.12625pt x 421.575pt>
File: figs/BDT_Response_new.pdf Graphic file (type pdf)

<use figs/BDT_Response_new.pdf>

LaTeX Warning: `h' float specifier changed to `ht'.


LaTeX Warning: Reference `sec: fitting' on page 11 undefined on input line 237.



LaTeX Warning: Reference `sec: efficiency' on page 11 undefined on input line 2
40.

[11] [12 <./figs/mass_Bs_forBDT_12_AnA.png>]
<figs/BDT_CutEfficiency.pdf, id=380, 569.12625pt x 421.575pt>
File: figs/BDT_CutEfficiency.pdf Graphic file (type pdf)

<use figs/BDT_CutEfficiency.pdf>

LaTeX Warning: `h' float specifier changed to `ht'.

) [13 <./figs/BDT_Input_1.pdf, page is rotated 90 degrees> <./figs/BDT_Input_2.
pdf, page is rotated 90 degrees> <./figs/BDT_Input_3.pdf, page is rotated 90 de
grees>] [14 <./figs/BDT_Response_new.pdf, page is rotated 90 degrees> <./figs/B
DT_CutEfficiency.pdf, page is rotated 90 degrees>] (./acceptance.tex
Underfull \hbox (badness 6461) in paragraph at lines 20--31
\OT1/cmr/m/n/12 (+20) For fits shown in the fol-low-ing, the knots have been pl
aced at $\OML/cmm/m/it/12 t \OT1/cmr/m/n/12 (+20) =
 []

<figs/SplineAcc_data_Fit.pdf, id=616, 569.12625pt x 367.3725pt>
File: figs/SplineAcc_data_Fit.pdf Graphic file (type pdf)

<use figs/SplineAcc_data_Fit.pdf>

LaTeX Warning: `h' float specifier changed to `ht'.


<figs/SplineAcc_MCFit_combined_trueCT_Norm.pdf, id=618, 569.12625pt x 367.3725p
t>
File: figs/SplineAcc_MCFit_combined_trueCT_Norm.pdf Graphic file (type pdf)
 <use figs/SplineAcc_MCFit_combined_trueCT_Norm.pdf>
<figs/SplineAcc_MCFit_combined_trueCT_Sig.pdf, id=619, 569.12625pt x 367.3725pt
>
File: figs/SplineAcc_MCFit_combined_trueCT_Sig.pdf Graphic file (type pdf)
 <use figs/SplineAcc_MCFit_combined_trueCT_Sig.pdf>

LaTeX Warning: `h' float specifier changed to `ht'.

[15

]
Overfull \hbox (31.86165pt too wide) in paragraph at lines 65--76
 [][] 
 []


LaTeX Warning: `h' float specifier changed to `ht'.

) [16 <./figs/SplineAcc_data_Fit.pdf, page is rotated 90 degrees> <./figs/Splin
eAcc_MCFit_combined_trueCT_Norm.pdf, page is rotated 90 degrees> <./figs/Spline
Acc_MCFit_combined_trueCT_Sig.pdf, page is rotated 90 degrees>] [17]
(./resolution.tex <figs/ProperTimeReso_MC.pdf, id=774, 569.12625pt x 385.44pt>
File: figs/ProperTimeReso_MC.pdf Graphic file (type pdf)

<use figs/ProperTimeReso_MC.pdf>
Overfull \hbox (20.7724pt too wide) in paragraph at lines 35--48
 [][] 
 []


LaTeX Warning: `h' float specifier changed to `ht'.

) [18

 <./figs/ProperTimeReso_MC.pdf>] [19] (./main.bbl) [20

] (./main.aux)

LaTeX Warning: There were undefined references.


LaTeX Warning: There were multiply-defined labels.

 ) 
Here is how much of TeX's memory you used:
 7500 strings out of 256216
 106185 string characters out of 1917072
 206046 words of memory out of 1500000
 10445 multiletter control sequences out of 10000+200000
 24358 words of font info for 114 fonts, out of 1200000 for 2000
 645 hyphenation exceptions out of 8191
 37i,12n,38p,1283b,479s stack positions out of 5000i,500n,6000p,200000b,15000s
</usr/share/texmf/fonts/type1/bluesky/cm/cmbsy10.pfb></usr/share/texmf/fonts/
type1/bluesky/cm/cmbx10.pfb></usr/share/texmf/fonts/type1/bluesky/cm/cmbx12.pfb
></usr/share/texmf/fonts/type1/bluesky/cm/cmex10.pfb></usr/share/texmf/fonts/ty
pe1/bluesky/cm/cmmi10.pfb></usr/share/texmf/fonts/type1/bluesky/cm/cmmi12.pfb><
/usr/share/texmf/fonts/type1/bluesky/cm/cmmi6.pfb></usr/share/texmf/fonts/type1
/bluesky/cm/cmmi8.pfb></usr/share/texmf/fonts/type1/bluesky/cm/cmmib10.pfb></us
r/share/texmf/fonts/type1/bluesky/cm/cmr10.pfb></usr/share/texmf/fonts/type1/bl
uesky/cm/cmr12.pfb></usr/share/texmf/fonts/type1/bluesky/cm/cmr6.pfb></usr/shar
e/texmf/fonts/type1/bluesky/cm/cmr7.pfb></usr/share/texmf/fonts/type1/bluesky/c
m/cmr8.pfb></usr/share/texmf/fonts/type1/bluesky/cm/cmss8.pfb></usr/share/texmf
/fonts/type1/bluesky/cm/cmsy10.pfb></usr/share/texmf/fonts/type1/bluesky/cm/cms
y6.pfb></usr/share/texmf/fonts/type1/bluesky/cm/cmsy7.pfb></usr/share/texmf/fon
ts/type1/bluesky/cm/cmsy8.pfb></usr/share/texmf/fonts/type1/bluesky/cm/cmti10.p
fb></usr/share/texmf/fonts/type1/bluesky/cm/cmti12.pfb></usr/share/texmf/fonts/
type1/bluesky/cm/cmtt12.pfb>
Output written on main.pdf (23 pages, 658683 bytes).
PDF statistics:
 908 PDF objects out of 1000 (max. 8388607)
 92 named destinations out of 1000 (max. 131072)
 19208 words of extra memory for PDF output out of 20736 (max. 10000000)

